0 info it worked if it ends with ok
1 verbose cli [ '/usr/local/Cellar/node/7.5.0/bin/node',
1 verbose cli   '/usr/local/bin/npm',
1 verbose cli   'version',
1 verbose cli   '0.1.1' ]
2 info using npm@3.10.10
3 info using node@v7.5.0
4 info git [ 'status', '--porcelain' ]
5 verbose stack Error: Git working directory not clean.
5 verbose stack M CHANGELOG.md
5 verbose stack M bundle/_records
5 verbose stack M bundle/backend.js
5 verbose stack M bundle/main.map
5 verbose stack M rdev.sql3
5 verbose stack M src/app.ts
5 verbose stack M src/models/user-workers.model.ts
5 verbose stack RM src/workers/user.workers.ts -> src/services/user.service.ts
5 verbose stack     at /usr/local/lib/node_modules/npm/lib/version.js:247:19
5 verbose stack     at /usr/local/lib/node_modules/npm/lib/utils/no-progress-while-running.js:21:8
5 verbose stack     at ChildProcess.exithandler (child_process.js:202:7)
5 verbose stack     at emitTwo (events.js:106:13)
5 verbose stack     at ChildProcess.emit (events.js:192:7)
5 verbose stack     at maybeClose (internal/child_process.js:890:16)
5 verbose stack     at Socket.<anonymous> (internal/child_process.js:334:11)
5 verbose stack     at emitOne (events.js:96:13)
5 verbose stack     at Socket.emit (events.js:189:7)
5 verbose stack     at Pipe._handle.close [as _onclose] (net.js:501:12)
6 verbose cwd /Users/raven/dev0/AngularBrosSocketAPI
7 error Darwin 16.5.0
8 error argv "/usr/local/Cellar/node/7.5.0/bin/node" "/usr/local/bin/npm" "version" "0.1.1"
9 error node v7.5.0
10 error npm  v3.10.10
11 error Git working directory not clean.
11 error M CHANGELOG.md
11 error M bundle/_records
11 error M bundle/backend.js
11 error M bundle/main.map
11 error M rdev.sql3
11 error M src/app.ts
11 error M src/models/user-workers.model.ts
11 error RM src/workers/user.workers.ts -> src/services/user.service.ts
12 error If you need help, you may report this error at:
12 error     <https://github.com/npm/npm/issues>
13 verbose exit [ 1, true ]
